Compiled jquery.js  (3ms)  (pid 3500)
Compiled jquery_ujs.js  (0ms)  (pid 3500)
Compiled products.js  (110ms)  (pid 3500)
Compiled application.js  (291ms)  (pid 3500)
Compiled products.css  (32ms)  (pid 3500)
Compiled scaffolds.css  (8ms)  (pid 3500)
Compiled application.css  (100ms)  (pid 3500)
Compiled jquery.js  (3ms)  (pid 3511)
Compiled jquery_ujs.js  (0ms)  (pid 3511)
Compiled products.js  (48ms)  (pid 3511)
Compiled application.js  (84ms)  (pid 3511)
Compiled products.css  (4ms)  (pid 3511)
Compiled scaffolds.css  (9ms)  (pid 3511)
Compiled application.css  (23ms)  (pid 3511)
Compiled jquery.js  (3ms)  (pid 3602)
Compiled jquery_ujs.js  (0ms)  (pid 3602)
Compiled products.js  (48ms)  (pid 3602)
Compiled twitter/bootstrap/affix.js  (0ms)  (pid 3602)
Compiled twitter/bootstrap/alert.js  (0ms)  (pid 3602)
Compiled twitter/bootstrap/button.js  (0ms)  (pid 3602)
Compiled twitter/bootstrap/carousel.js  (0ms)  (pid 3602)
Compiled twitter/bootstrap/collapse.js  (0ms)  (pid 3602)
Compiled twitter/bootstrap/dropdown.js  (0ms)  (pid 3602)
Compiled twitter/bootstrap/modal.js  (0ms)  (pid 3602)
Compiled twitter/bootstrap/tooltip.js  (0ms)  (pid 3602)
Compiled twitter/bootstrap/popover.js  (0ms)  (pid 3602)
Compiled twitter/bootstrap/scrollspy.js  (0ms)  (pid 3602)
Compiled twitter/bootstrap/tab.js  (0ms)  (pid 3602)
Compiled twitter/bootstrap/transition.js  (0ms)  (pid 3602)
Compiled twitter/bootstrap/typeahead.js  (0ms)  (pid 3602)
Compiled twitter/bootstrap.js  (87ms)  (pid 3602)
Compiled application.js  (180ms)  (pid 3602)
Compiled products.css  (66ms)  (pid 3602)
Compiled scaffolds.css  (7ms)  (pid 3602)
Compiled application.css  (83ms)  (pid 3602)
Compiled jquery.js  (3ms)  (pid 3621)
Compiled jquery_ujs.js  (0ms)  (pid 3621)
Compiled products.js  (58ms)  (pid 3621)
Compiled twitter/bootstrap/affix.js  (0ms)  (pid 3621)
Compiled twitter/bootstrap/alert.js  (0ms)  (pid 3621)
Compiled twitter/bootstrap/button.js  (0ms)  (pid 3621)
Compiled twitter/bootstrap/carousel.js  (0ms)  (pid 3621)
Compiled twitter/bootstrap/collapse.js  (0ms)  (pid 3621)
Compiled twitter/bootstrap/dropdown.js  (0ms)  (pid 3621)
Compiled twitter/bootstrap/modal.js  (0ms)  (pid 3621)
Compiled twitter/bootstrap/tooltip.js  (0ms)  (pid 3621)
Compiled twitter/bootstrap/popover.js  (0ms)  (pid 3621)
Compiled twitter/bootstrap/scrollspy.js  (0ms)  (pid 3621)
Compiled twitter/bootstrap/tab.js  (0ms)  (pid 3621)
Compiled twitter/bootstrap/transition.js  (0ms)  (pid 3621)
Compiled twitter/bootstrap/typeahead.js  (0ms)  (pid 3621)
Compiled twitter/bootstrap.js  (89ms)  (pid 3621)
Compiled application.js  (266ms)  (pid 3621)
Compiled products.css  (32ms)  (pid 3621)
Compiled scaffolds.css  (7ms)  (pid 3621)
Compiled application.css  (55ms)  (pid 3621)
Compiled jquery.js  (3ms)  (pid 3660)
Compiled jquery_ujs.js  (0ms)  (pid 3660)
Compiled products.js  (48ms)  (pid 3660)
Compiled twitter/bootstrap/affix.js  (0ms)  (pid 3660)
Compiled twitter/bootstrap/alert.js  (0ms)  (pid 3660)
Compiled twitter/bootstrap/button.js  (0ms)  (pid 3660)
Compiled twitter/bootstrap/carousel.js  (0ms)  (pid 3660)
Compiled twitter/bootstrap/collapse.js  (0ms)  (pid 3660)
Compiled twitter/bootstrap/dropdown.js  (0ms)  (pid 3660)
Compiled twitter/bootstrap/modal.js  (0ms)  (pid 3660)
Compiled twitter/bootstrap/tooltip.js  (0ms)  (pid 3660)
Compiled twitter/bootstrap/popover.js  (0ms)  (pid 3660)
Compiled twitter/bootstrap/scrollspy.js  (0ms)  (pid 3660)
Compiled twitter/bootstrap/tab.js  (0ms)  (pid 3660)
Compiled twitter/bootstrap/transition.js  (0ms)  (pid 3660)
Compiled twitter/bootstrap/typeahead.js  (0ms)  (pid 3660)
Compiled twitter/bootstrap.js  (87ms)  (pid 3660)
Compiled application.js  (176ms)  (pid 3660)
Compiled products.css  (4ms)  (pid 3660)
Compiled scaffolds.css  (7ms)  (pid 3660)
Compiled twitter/bootstrap.css  (413ms)  (pid 3660)
Compiled application.css  (495ms)  (pid 3660)
Compiled jquery.js  (3ms)  (pid 3660)
Compiled jquery_ujs.js  (0ms)  (pid 3660)
Compiled products.js  (46ms)  (pid 3660)
Compiled twitter/bootstrap/affix.js  (0ms)  (pid 3660)
Compiled twitter/bootstrap/alert.js  (0ms)  (pid 3660)
Compiled twitter/bootstrap/button.js  (0ms)  (pid 3660)
Compiled twitter/bootstrap/carousel.js  (0ms)  (pid 3660)
Compiled twitter/bootstrap/collapse.js  (0ms)  (pid 3660)
Compiled twitter/bootstrap/dropdown.js  (0ms)  (pid 3660)
Compiled twitter/bootstrap/modal.js  (0ms)  (pid 3660)
Compiled twitter/bootstrap/tooltip.js  (0ms)  (pid 3660)
Compiled twitter/bootstrap/popover.js  (0ms)  (pid 3660)
Compiled twitter/bootstrap/scrollspy.js  (0ms)  (pid 3660)
Compiled twitter/bootstrap/tab.js  (0ms)  (pid 3660)
Compiled twitter/bootstrap/transition.js  (0ms)  (pid 3660)
Compiled twitter/bootstrap/typeahead.js  (0ms)  (pid 3660)
Compiled twitter/bootstrap.js  (81ms)  (pid 3660)
Compiled application.js  (167ms)  (pid 3660)
Compiled products.css  (5ms)  (pid 3660)
Compiled scaffolds.css  (8ms)  (pid 3660)
Compiled twitter/bootstrap.css  (351ms)  (pid 3660)
Compiled application.css  (378ms)  (pid 3660)
